<?xml version="1.0" encoding="UTF-8"?>
<!-- Generated by org.testng.reporters.JUnitReportReporter -->
<testsuite hostname="LAPTOP-7S7H3TCS" failures="0" tests="1" name="testlayer.Logintest" time="5.863" errors="0" timestamp="2023-06-21T13:43:28 EDT" skipped="0">
  <testcase classname="testlayer.Logintest" name="Title" time="5.863"/>
</testsuite> <!-- testlayer.Logintest -->
